Arguments: 
  /usr/bin/node /mnt/c/Users/Chris/AppData/Roaming/npm/node_modules/yarn/bin/yarn.js add @solana/web3.js @metaplex-foundation/mpl-token-metadata @metaplex-foundation/js @solana/s

PATH: 
  /root/.vscode-server/bin/97dec172d3256f8ca4bfb2143f3f76b503ca0534/bin/remote-cli:/root/.local/share/solana/install/active_release/bin:/root/.cargo/bin:/usr/local/sbin:/usr/local/bin:/usr/sbin:/usr/bin:/sbin:/bin:/usr/games:/usr/local/games:/usr/lib/wsl/lib:/mnt/c/Python310/Scripts/:/mnt/c/Python310/:/mnt/c/Windows/system32:/mnt/c/Windows:/mnt/c/Windows/System32/Wbem:/mnt/c/Windows/System32/WindowsPowerShell/v1.0/:/mnt/c/Windows/System32/OpenSSH/:/mnt/c/Program Files/Git/cmd:/mnt/c/Program Files/nodejs/:/mnt/c/ProgramData/chocolatey/bin:/mnt/c/Program Files/dotnet/:/mnt/c/Users/Chris/.local/share/solana/install/active_release/bin:/mnt/c/Users/Chris/.cargo/bin:/mnt/c/Users/Chris/AppData/Local/Microsoft/WindowsApps:/mnt/c/Users/Chris/AppData/Local/Programs/Microsoft VS Code/bin:/mnt/c/Users/Chris/AppData/Roaming/npm:/snap/bin

Yarn version: 
  1.22.19

Node version: 
  19.4.0

Platform: 
  linux x64

Trace: 
  Error: https://registry.yarnpkg.com/@solana%2fs: Not found
      at params.callback [as _callback] (/mnt/c/Users/Chris/AppData/Roaming/npm/node_modules/yarn/lib/cli.js:66145:18)
      at self.callback (/mnt/c/Users/Chris/AppData/Roaming/npm/node_modules/yarn/lib/cli.js:140890:22)
      at Request.emit (node:events:513:28)
      at Request.<anonymous> (/mnt/c/Users/Chris/AppData/Roaming/npm/node_modules/yarn/lib/cli.js:141862:10)
      at Request.emit (node:events:513:28)
      at IncomingMessage.<anonymous> (/mnt/c/Users/Chris/AppData/Roaming/npm/node_modules/yarn/lib/cli.js:141784:12)
      at Object.onceWrapper (node:events:627:28)
      at IncomingMessage.emit (node:events:525:35)
      at endReadableNT (node:internal/streams/readable:1359:12)
      at process.processTicksAndRejections (node:internal/process/task_queues:82:21)

npm manifest: 
  {
    "name": "CreateSPLToken",
    "version": "1.0.0",
    "main": "index.js",
    "license": "MIT"
  }

yarn manifest: 
  No manifest

Lockfile: 
  No lockfile
